2020-08-28 18:27:29,717 Logging directory: /usr/bmicnas01/data-biwi-01/nkarani/projects/hpc_predict/code/aorta_segmentation/v2.0/logdir/unet3d_da_0.0_r1
2020-08-28 18:27:29,722 ============================================================
2020-08-28 18:27:29,723 EXPERIMENT NAME: unet3d_da_0.0_r1
2020-08-28 18:27:29,723 ============================================================
2020-08-28 18:27:29,723 Loading training data from: /usr/bmicnas01/data-biwi-01/nkarani/students/nicolas/data/freiburg
2020-08-28 18:27:29,730 Shape of training images: (640, 144, 112, 48, 4)
2020-08-28 18:27:29,730 Shape of training labels: (640, 144, 112, 48)
2020-08-28 18:27:29,730 ============================================================
2020-08-28 18:27:29,730 Loading validation data from: /usr/bmicnas01/data-biwi-01/nkarani/students/nicolas/data/freiburg
2020-08-28 18:27:29,732 Shape of validation images: (160, 144, 112, 48, 4)
2020-08-28 18:27:29,732 Shape of validation labels: (160, 144, 112, 48)
2020-08-28 18:27:29,732 ============================================================
2020-08-28 18:27:29,752 Creating placeholders...
2020-08-28 18:27:31,439 =======================================================
2020-08-28 18:27:31,439 Details of the segmentation CNN architecture
2020-08-28 18:27:31,439 =======================================================
2020-08-28 18:27:31,439 Shape of input: (8, 144, 112, 48, 4)
2020-08-28 18:27:31,439 Shape after 1st max pooling layer: (8, 72, 56, 24, 8)
2020-08-28 18:27:31,439 Shape after 2nd max pooling layer: (8, 36, 28, 12, 16)
2020-08-28 18:27:31,439 Shape after 3rd max pooling layer: (8, 18, 14, 6, 32)
2020-08-28 18:27:31,439 Shape after 4th max pooling layer: (8, 9, 7, 3, 64)
2020-08-28 18:27:31,439 =======================================================
2020-08-28 18:27:31,440 Before each maxpool, there are 2 conv blocks.
2020-08-28 18:27:31,440 Each conv block consists of conv3d (k=3), followed by BN, followed by relu.
2020-08-28 18:27:31,440 =======================================================
2020-08-28 18:27:31,440 Shape of the bottleneck layer: (8, 9, 7, 3, 128)
2020-08-28 18:27:31,440 =======================================================
2020-08-28 18:27:31,440 Shape after 1st upsampling block: (8, 18, 14, 6, 64)
2020-08-28 18:27:31,440 Shape after 2nd upsampling block: (8, 36, 28, 12, 32)
2020-08-28 18:27:31,440 Shape after 3rd upsampling block: (8, 72, 56, 24, 16)
2020-08-28 18:27:31,440 Shape after 4rd upsampling block: (8, 144, 112, 48, 8)
2020-08-28 18:27:31,440 =======================================================
2020-08-28 18:27:31,440 Each upsampling block consists of bilinear upsampling, followed by skip connection, followed by 2 conv blocks.
2020-08-28 18:27:31,440 =======================================================
2020-08-28 18:27:31,440 Shape of output (before softmax): (8, 144, 112, 48, 2)
2020-08-28 18:27:31,440 =======================================================
2020-08-28 18:27:35,422 Adding the op to get a list of initialized variables...
2020-08-28 18:27:36.086739: I tensorflow/core/platform/cpu_feature_guard.cc:141] Your CPU supports instructions that this TensorFlow binary was not compiled to use: AVX2 FMA
2020-08-28 18:27:36.413699: I tensorflow/core/common_runtime/gpu/gpu_device.cc:1432] Found device 0 with properties: 
name: GeForce GTX 1080 Ti major: 6 minor: 1 memoryClockRate(GHz): 1.582
pciBusID: 0000:87:00.0
totalMemory: 10.92GiB freeMemory: 10.77GiB
2020-08-28 18:27:36.413752: I tensorflow/core/common_runtime/gpu/gpu_device.cc:1511] Adding visible gpu devices: 0
2020-08-28 18:27:49.351373: I tensorflow/core/common_runtime/gpu/gpu_device.cc:982] Device interconnect StreamExecutor with strength 1 edge matrix:
2020-08-28 18:27:49.356546: I tensorflow/core/common_runtime/gpu/gpu_device.cc:988]      0 
2020-08-28 18:27:49.356570: I tensorflow/core/common_runtime/gpu/gpu_device.cc:1001] 0:   N 
2020-08-28 18:27:49.356952: I tensorflow/core/common_runtime/gpu/gpu_device.cc:1115] Created TensorFlow device (/job:localhost/replica:0/task:0/device:GPU:0 with 10419 MB memory) -> physical GPU (device: 0, name: GeForce GTX 1080 Ti, pci bus id: 0000:87:00.0, compute capability: 6.1)
2020-08-28 18:27:50,780 Freezing the graph now!
2020-08-28 18:27:50,780 ============================================================
2020-08-28 18:27:50,780 initializing all variables...
2020-08-28 18:27:51,540 ============================================================
2020-08-28 18:27:51,541 This is the list of uninitialized variables:
2020-08-28 18:27:51,795 ============================================================
2020-08-28 18:27:51,795 Step 0
2020-08-28 18:27:54.976531: E tensorflow/core/grappler/optimizers/dependency_optimizer.cc:666] Iteration = 0, topological sort failed with message: The graph couldn't be sorted in topological order.
2020-08-28 18:27:55.035699: E tensorflow/core/grappler/optimizers/dependency_optimizer.cc:666] Iteration = 1, topological sort failed with message: The graph couldn't be sorted in topological order.
2020-08-28 18:27:55.275395: E tensorflow/core/grappler/optimizers/dependency_optimizer.cc:666] Iteration = 0, topological sort failed with message: The graph couldn't be sorted in topological order.
2020-08-28 18:27:55.296404: E tensorflow/core/grappler/optimizers/dependency_optimizer.cc:666] Iteration = 1, topological sort failed with message: The graph couldn't be sorted in topological order.
2020-08-28 18:28:05,301 Training Data Eval:
2020-08-28 18:30:57,905   Average loss: 0.6393, average dice: 0.3607
2020-08-28 18:30:59,156 Validation Data Eval:
2020-08-28 18:31:51,421   Average loss: 0.6365, average dice: 0.3635
2020-08-28 18:31:52,637 Found new average best dice on validation sets! - 0.363546 -  Saving model.
2020-08-28 18:32:12,117 Step 20: loss = 0.44
2020-08-28 18:32:33,711 Step 40: loss = 0.30
2020-08-28 18:32:54,910 Step 60: loss = 0.47
2020-08-28 18:33:16,223 Step 80: loss = 0.28
2020-08-28 18:33:16,606 ============================================================
2020-08-28 18:33:16,606 Step 80
2020-08-28 18:33:37,246 Step 100: loss = 0.31
2020-08-28 18:33:58,653 Step 120: loss = 0.28
2020-08-28 18:34:19,760 Step 140: loss = 0.34
2020-08-28 18:34:40,906 Step 160: loss = 0.34
2020-08-28 18:34:41,202 ============================================================
2020-08-28 18:34:41,202 Step 160
2020-08-28 18:35:02,057 Step 180: loss = 0.20
2020-08-28 18:35:23,322 Step 200: loss = 0.23
2020-08-28 18:35:44,399 Step 220: loss = 0.27
2020-08-28 18:36:05,653 Step 240: loss = 0.17
2020-08-28 18:36:05,948 ============================================================
2020-08-28 18:36:05,948 Step 240
2020-08-28 18:36:26,756 Step 260: loss = 0.21
2020-08-28 18:36:47,906 Step 280: loss = 0.32
2020-08-28 18:37:08,897 Step 300: loss = 0.19
2020-08-28 18:37:29,992 Step 320: loss = 0.12
2020-08-28 18:37:30,291 ============================================================
2020-08-28 18:37:30,291 Step 320
2020-08-28 18:37:51,238 Step 340: loss = 0.21
2020-08-28 18:38:12,299 Step 360: loss = 0.30
2020-08-28 18:38:33,321 Step 380: loss = 0.16
2020-08-28 18:38:54,512 Step 400: loss = 0.37
2020-08-28 18:38:54,810 ============================================================
2020-08-28 18:38:54,811 Step 400
2020-08-28 18:39:15,600 Step 420: loss = 0.21
2020-08-28 18:39:36,735 Step 440: loss = 0.26
2020-08-28 18:39:57,957 Step 460: loss = 0.29
2020-08-28 18:40:18,952 Step 480: loss = 0.20
2020-08-28 18:40:19,244 ============================================================
2020-08-28 18:40:19,244 Step 480
2020-08-28 18:40:40,289 Step 500: loss = 0.15
2020-08-28 18:40:41,640 Training Data Eval:
2020-08-28 18:41:19,322   Average loss: 0.2009, average dice: 0.7991
2020-08-28 18:41:19,331 Validation Data Eval:
2020-08-28 18:41:28,660   Average loss: 0.2285, average dice: 0.7715
2020-08-28 18:41:29,516 Found new average best dice on validation sets! - 0.771457 -  Saving model.
2020-08-28 18:41:49,513 Step 520: loss = 0.27
2020-08-28 18:42:10,509 Step 540: loss = 0.19
2020-08-28 18:42:31,688 Step 560: loss = 0.21
2020-08-28 18:42:31,978 ============================================================
2020-08-28 18:42:31,978 Step 560
2020-08-28 18:42:52,841 Step 580: loss = 0.20
2020-08-28 18:43:13,982 Step 600: loss = 0.16
2020-08-28 18:43:35,305 Step 620: loss = 0.16
2020-08-28 18:43:56,554 Step 640: loss = 0.17
2020-08-28 18:43:56,848 ============================================================
2020-08-28 18:43:56,848 Step 640
2020-08-28 18:44:17,786 Step 660: loss = 0.19
2020-08-28 18:44:39,254 Step 680: loss = 0.30
2020-08-28 18:45:00,350 Step 700: loss = 0.09
2020-08-28 18:45:21,633 Step 720: loss = 0.26
2020-08-28 18:45:21,924 ============================================================
2020-08-28 18:45:21,924 Step 720
2020-08-28 18:45:43,215 Step 740: loss = 0.18
2020-08-28 18:46:04,704 Step 760: loss = 0.17
2020-08-28 18:46:26,031 Step 780: loss = 0.24
2020-08-28 18:46:46,937 Step 800: loss = 0.19
2020-08-28 18:46:47,228 ============================================================
2020-08-28 18:46:47,228 Step 800
2020-08-28 18:47:08,214 Step 820: loss = 0.14
2020-08-28 18:47:29,159 Step 840: loss = 0.22
2020-08-28 18:47:50,134 Step 860: loss = 0.08
2020-08-28 18:48:11,450 Step 880: loss = 0.12
2020-08-28 18:48:11,744 ============================================================
2020-08-28 18:48:11,744 Step 880
2020-08-28 18:48:32,611 Step 900: loss = 0.11
2020-08-28 18:48:53,777 Step 920: loss = 0.16
2020-08-28 18:49:14,896 Step 940: loss = 0.21
2020-08-28 18:49:36,149 Step 960: loss = 0.10
2020-08-28 18:49:36,451 ============================================================
2020-08-28 18:49:36,451 Step 960
2020-08-28 18:49:57,151 Step 980: loss = 0.20
2020-08-28 18:50:18,432 Step 1000: loss = 0.25
2020-08-28 18:50:19,760 Training Data Eval:
2020-08-28 18:50:58,250   Average loss: 0.4252, average dice: 0.5748
2020-08-28 18:50:59,105 Validation Data Eval:
2020-08-28 18:51:08,579   Average loss: 0.4254, average dice: 0.5746
2020-08-28 18:51:28,326 Step 1020: loss = 0.16
2020-08-28 18:51:49,571 Step 1040: loss = 0.18
2020-08-28 18:51:49,866 ============================================================
2020-08-28 18:51:49,866 Step 1040
2020-08-28 18:52:10,899 Step 1060: loss = 0.25
2020-08-28 18:52:32,289 Step 1080: loss = 0.25
2020-08-28 18:52:53,506 Step 1100: loss = 0.17
2020-08-28 18:53:14,990 Step 1120: loss = 0.16
2020-08-28 18:53:15,282 ============================================================
2020-08-28 18:53:15,282 Step 1120
2020-08-28 18:53:36,044 Step 1140: loss = 0.20
2020-08-28 18:53:57,099 Step 1160: loss = 0.18
2020-08-28 18:54:18,331 Step 1180: loss = 0.17
2020-08-28 18:54:39,487 Step 1200: loss = 0.12
2020-08-28 18:54:39,787 ============================================================
2020-08-28 18:54:39,787 Step 1200
2020-08-28 18:55:00,814 Step 1220: loss = 0.10
2020-08-28 18:55:22,248 Step 1240: loss = 0.14
2020-08-28 18:55:43,556 Step 1260: loss = 0.11
2020-08-28 18:56:04,871 Step 1280: loss = 0.15
2020-08-28 18:56:05,160 ============================================================
2020-08-28 18:56:05,161 Step 1280
2020-08-28 18:56:26,026 Step 1300: loss = 0.12
2020-08-28 18:56:47,239 Step 1320: loss = 0.13
2020-08-28 18:57:08,619 Step 1340: loss = 0.21
2020-08-28 18:57:29,911 Step 1360: loss = 0.15
2020-08-28 18:57:30,202 ============================================================
2020-08-28 18:57:30,202 Step 1360
2020-08-28 18:57:51,134 Step 1380: loss = 0.14
2020-08-28 18:58:12,347 Step 1400: loss = 0.13
2020-08-28 18:58:33,698 Step 1420: loss = 0.25
2020-08-28 18:58:55,049 Step 1440: loss = 0.12
2020-08-28 18:58:55,346 ============================================================
2020-08-28 18:58:55,346 Step 1440
2020-08-28 18:59:16,402 Step 1460: loss = 0.08
2020-08-28 18:59:37,605 Step 1480: loss = 0.15
2020-08-28 18:59:58,694 Step 1500: loss = 0.17
2020-08-28 19:00:00,009 Training Data Eval:
2020-08-28 19:00:38,138   Average loss: 0.2389, average dice: 0.7611
2020-08-28 19:00:38,148 Validation Data Eval:
2020-08-28 19:00:47,737   Average loss: 0.2481, average dice: 0.7519
2020-08-28 19:01:07,567 Step 1520: loss = 0.18
2020-08-28 19:01:07,862 ============================================================
2020-08-28 19:01:07,862 Step 1520
2020-08-28 19:01:28,777 Step 1540: loss = 0.18
2020-08-28 19:01:50,002 Step 1560: loss = 0.12
2020-08-28 19:02:11,016 Step 1580: loss = 0.24
2020-08-28 19:02:32,184 Step 1600: loss = 0.17
2020-08-28 19:02:32,482 ============================================================
2020-08-28 19:02:32,483 Step 1600
2020-08-28 19:02:53,694 Step 1620: loss = 0.32
2020-08-28 19:03:15,075 Step 1640: loss = 0.19
2020-08-28 19:03:36,427 Step 1660: loss = 0.20
2020-08-28 19:03:57,730 Step 1680: loss = 0.15
2020-08-28 19:03:58,020 ============================================================
2020-08-28 19:03:58,021 Step 1680
2020-08-28 19:04:19,216 Step 1700: loss = 0.18
2020-08-28 19:04:40,347 Step 1720: loss = 0.12
2020-08-28 19:05:01,603 Step 1740: loss = 0.12
2020-08-28 19:05:22,814 Step 1760: loss = 0.14
2020-08-28 19:05:23,114 ============================================================
2020-08-28 19:05:23,115 Step 1760
2020-08-28 19:05:44,318 Step 1780: loss = 0.15
2020-08-28 19:06:05,520 Step 1800: loss = 0.26
2020-08-28 19:06:26,647 Step 1820: loss = 0.22
2020-08-28 19:06:47,741 Step 1840: loss = 0.14
2020-08-28 19:06:48,030 ============================================================
2020-08-28 19:06:48,030 Step 1840
2020-08-28 19:07:09,030 Step 1860: loss = 0.24
2020-08-28 19:07:30,199 Step 1880: loss = 0.18
2020-08-28 19:07:51,468 Step 1900: loss = 0.23
2020-08-28 19:08:12,870 Step 1920: loss = 0.20
2020-08-28 19:08:13,169 ============================================================
2020-08-28 19:08:13,169 Step 1920
2020-08-28 19:08:34,175 Step 1940: loss = 0.11
2020-08-28 19:08:55,441 Step 1960: loss = 0.23
2020-08-28 19:09:16,540 Step 1980: loss = 0.15
2020-08-28 19:09:37,768 Step 2000: loss = 0.16
2020-08-28 19:09:38,066 ============================================================
2020-08-28 19:09:38,067 Step 2000
2020-08-28 19:09:39,099 Training Data Eval:
2020-08-28 19:10:17,125   Average loss: 0.1571, average dice: 0.8429
2020-08-28 19:10:18,115 Validation Data Eval:
2020-08-28 19:10:27,787   Average loss: 0.2172, average dice: 0.7828
2020-08-28 19:10:28,651 Found new average best dice on validation sets! - 0.782849 -  Saving model.
2020-08-28 19:10:48,525 Step 2020: loss = 0.14
2020-08-28 19:11:09,809 Step 2040: loss = 0.14
2020-08-28 19:11:30,921 Step 2060: loss = 0.15
2020-08-28 19:11:52,156 Step 2080: loss = 0.22
2020-08-28 19:11:52,470 ============================================================
2020-08-28 19:11:52,470 Step 2080
2020-08-28 19:12:13,669 Step 2100: loss = 0.11
2020-08-28 19:12:35,150 Step 2120: loss = 0.12
2020-08-28 19:12:56,285 Step 2140: loss = 0.11
2020-08-28 19:13:17,270 Step 2160: loss = 0.19
2020-08-28 19:13:17,565 ============================================================
2020-08-28 19:13:17,565 Step 2160
2020-08-28 19:13:38,450 Step 2180: loss = 0.06
2020-08-28 19:13:59,796 Step 2200: loss = 0.07
2020-08-28 19:14:21,290 Step 2220: loss = 0.13
2020-08-28 19:14:42,709 Step 2240: loss = 0.17
2020-08-28 19:14:43,000 ============================================================
2020-08-28 19:14:43,001 Step 2240
2020-08-28 19:15:04,045 Step 2260: loss = 0.19
2020-08-28 19:15:25,349 Step 2280: loss = 0.17
2020-08-28 19:15:46,625 Step 2300: loss = 0.11
2020-08-28 19:16:07,544 Step 2320: loss = 0.15
2020-08-28 19:16:07,848 ============================================================
2020-08-28 19:16:07,849 Step 2320
2020-08-28 19:16:28,875 Step 2340: loss = 0.14
2020-08-28 19:16:50,018 Step 2360: loss = 0.17
2020-08-28 19:17:11,371 Step 2380: loss = 0.14
2020-08-28 19:17:32,420 Step 2400: loss = 0.18
2020-08-28 19:17:32,716 ============================================================
2020-08-28 19:17:32,716 Step 2400
2020-08-28 19:17:53,826 Step 2420: loss = 0.05
2020-08-28 19:18:15,069 Step 2440: loss = 0.22
2020-08-28 19:18:36,237 Step 2460: loss = 0.14
2020-08-28 19:18:57,170 Step 2480: loss = 0.06
2020-08-28 19:18:57,467 ============================================================
2020-08-28 19:18:57,467 Step 2480
2020-08-28 19:19:18,203 Step 2500: loss = 0.13
2020-08-28 19:19:19,575 Training Data Eval:
2020-08-28 19:19:57,387   Average loss: 0.1977, average dice: 0.8023
2020-08-28 19:19:57,400 Validation Data Eval:
2020-08-28 19:20:06,951   Average loss: 0.2391, average dice: 0.7609
2020-08-28 19:20:27,003 Step 2520: loss = 0.12
2020-08-28 19:20:48,195 Step 2540: loss = 0.16
2020-08-28 19:21:09,194 Step 2560: loss = 0.22
2020-08-28 19:21:09,491 ============================================================
2020-08-28 19:21:09,491 Step 2560
2020-08-28 19:21:30,578 Step 2580: loss = 0.26
2020-08-28 19:21:51,918 Step 2600: loss = 0.23
2020-08-28 19:22:12,988 Step 2620: loss = 0.24
2020-08-28 19:22:34,089 Step 2640: loss = 0.17
2020-08-28 19:22:34,388 ============================================================
2020-08-28 19:22:34,388 Step 2640
2020-08-28 19:22:55,356 Step 2660: loss = 0.11
2020-08-28 19:23:16,433 Step 2680: loss = 0.14
2020-08-28 19:23:37,749 Step 2700: loss = 0.19
2020-08-28 19:23:59,154 Step 2720: loss = 0.12
2020-08-28 19:23:59,450 ============================================================
2020-08-28 19:23:59,450 Step 2720
2020-08-28 19:24:20,404 Step 2740: loss = 0.05
2020-08-28 19:24:41,712 Step 2760: loss = 0.23
2020-08-28 19:25:03,007 Step 2780: loss = 0.11
2020-08-28 19:25:24,360 Step 2800: loss = 0.17
2020-08-28 19:25:24,657 ============================================================
2020-08-28 19:25:24,657 Step 2800
2020-08-28 19:25:45,852 Step 2820: loss = 0.28
2020-08-28 19:26:07,084 Step 2840: loss = 0.16
2020-08-28 19:26:28,474 Step 2860: loss = 0.15
2020-08-28 19:26:49,662 Step 2880: loss = 0.11
2020-08-28 19:26:49,955 ============================================================
2020-08-28 19:26:49,955 Step 2880
2020-08-28 19:27:10,970 Step 2900: loss = 0.12
2020-08-28 19:27:32,152 Step 2920: loss = 0.09
2020-08-28 19:27:53,305 Step 2940: loss = 0.17
2020-08-28 19:28:14,371 Step 2960: loss = 0.23
2020-08-28 19:28:14,669 ============================================================
2020-08-28 19:28:14,669 Step 2960
2020-08-28 19:28:35,479 Step 2980: loss = 0.14
2020-08-28 19:28:56,824 Step 3000: loss = 0.16
2020-08-28 19:28:58,148 Training Data Eval:
2020-08-28 19:29:36,066   Average loss: 0.1564, average dice: 0.8436
2020-08-28 19:29:36,980 Validation Data Eval:
2020-08-28 19:29:46,265   Average loss: 0.2385, average dice: 0.7615
2020-08-28 19:30:05,643 Step 3020: loss = 0.08
2020-08-28 19:30:26,441 Step 3040: loss = 0.13
2020-08-28 19:30:26,738 ============================================================
2020-08-28 19:30:26,738 Step 3040
2020-08-28 19:30:47,310 Step 3060: loss = 0.11
2020-08-28 19:31:08,347 Step 3080: loss = 0.08
2020-08-28 19:31:29,282 Step 3100: loss = 0.20
2020-08-28 19:31:50,306 Step 3120: loss = 0.12
2020-08-28 19:31:50,603 ============================================================
2020-08-28 19:31:50,603 Step 3120
2020-08-28 19:32:11,387 Step 3140: loss = 0.10
2020-08-28 19:32:32,568 Step 3160: loss = 0.15
2020-08-28 19:32:53,649 Step 3180: loss = 0.16
2020-08-28 19:33:14,654 Step 3200: loss = 0.12
2020-08-28 19:33:14,953 ============================================================
2020-08-28 19:33:14,953 Step 3200
2020-08-28 19:33:35,433 Step 3220: loss = 0.17
2020-08-28 19:33:56,438 Step 3240: loss = 0.12
2020-08-28 19:34:17,470 Step 3260: loss = 0.12
2020-08-28 19:34:38,342 Step 3280: loss = 0.22
2020-08-28 19:34:38,638 ============================================================
2020-08-28 19:34:38,638 Step 3280
2020-08-28 19:34:59,195 Step 3300: loss = 0.10
2020-08-28 19:35:20,044 Step 3320: loss = 0.05
2020-08-28 19:35:41,024 Step 3340: loss = 0.13
2020-08-28 19:36:01,992 Step 3360: loss = 0.16
2020-08-28 19:36:02,281 ============================================================
2020-08-28 19:36:02,282 Step 3360
2020-08-28 19:36:22,782 Step 3380: loss = 0.04
2020-08-28 19:36:43,744 Step 3400: loss = 0.19
2020-08-28 19:37:04,712 Step 3420: loss = 0.28
2020-08-28 19:37:25,584 Step 3440: loss = 0.08
2020-08-28 19:37:25,877 ============================================================
2020-08-28 19:37:25,878 Step 3440
2020-08-28 19:37:46,522 Step 3460: loss = 0.11
2020-08-28 19:38:07,405 Step 3480: loss = 0.13
2020-08-28 19:38:28,507 Step 3500: loss = 0.11
2020-08-28 19:38:29,873 Training Data Eval:
2020-08-28 19:39:07,069   Average loss: 0.1696, average dice: 0.8304
2020-08-28 19:39:07,077 Validation Data Eval:
2020-08-28 19:39:16,457   Average loss: 0.2289, average dice: 0.7711
2020-08-28 19:39:36,075 Step 3520: loss = 0.12
2020-08-28 19:39:36,377 ============================================================
2020-08-28 19:39:36,377 Step 3520
2020-08-28 19:39:57,062 Step 3540: loss = 0.16
2020-08-28 19:40:18,164 Step 3560: loss = 0.13
2020-08-28 19:40:38,897 Step 3580: loss = 0.11
2020-08-28 19:40:59,925 Step 3600: loss = 0.12
2020-08-28 19:41:00,222 ============================================================
2020-08-28 19:41:00,222 Step 3600
2020-08-28 19:41:20,869 Step 3620: loss = 0.21
2020-08-28 19:41:41,986 Step 3640: loss = 0.10
2020-08-28 19:42:03,111 Step 3660: loss = 0.05
2020-08-28 19:42:24,185 Step 3680: loss = 0.26
2020-08-28 19:42:24,480 ============================================================
2020-08-28 19:42:24,480 Step 3680
2020-08-28 19:42:45,255 Step 3700: loss = 0.17
2020-08-28 19:43:06,191 Step 3720: loss = 0.05
2020-08-28 19:43:27,183 Step 3740: loss = 0.16
2020-08-28 19:43:48,429 Step 3760: loss = 0.05
2020-08-28 19:43:48,795 ============================================================
2020-08-28 19:43:48,795 Step 3760
2020-08-28 19:44:09,569 Step 3780: loss = 0.09
2020-08-28 19:44:30,634 Step 3800: loss = 0.17
2020-08-28 19:44:51,622 Step 3820: loss = 0.10
2020-08-28 19:45:12,589 Step 3840: loss = 0.08
2020-08-28 19:45:12,885 ============================================================
2020-08-28 19:45:12,885 Step 3840
2020-08-28 19:45:33,442 Step 3860: loss = 0.17
2020-08-28 19:45:54,397 Step 3880: loss = 0.15
2020-08-28 19:46:15,483 Step 3900: loss = 0.11
2020-08-28 19:46:36,489 Step 3920: loss = 0.14
2020-08-28 19:46:36,779 ============================================================
2020-08-28 19:46:36,779 Step 3920
2020-08-28 19:46:57,556 Step 3940: loss = 0.13
2020-08-28 19:47:18,625 Step 3960: loss = 0.17
2020-08-28 19:47:39,605 Step 3980: loss = 0.25
2020-08-28 19:48:00,627 Step 4000: loss = 0.12
2020-08-28 19:48:00,928 ============================================================
2020-08-28 19:48:00,929 Step 4000
2020-08-28 19:48:01,938 Training Data Eval:
2020-08-28 19:48:39,093   Average loss: 0.1711, average dice: 0.8289
2020-08-28 19:48:39,883 Validation Data Eval:
2020-08-28 19:48:49,217   Average loss: 0.2503, average dice: 0.7497
2020-08-28 19:49:09,013 Step 4020: loss = 0.16
2020-08-28 19:49:30,044 Step 4040: loss = 0.09
2020-08-28 19:49:50,866 Step 4060: loss = 0.10
2020-08-28 19:50:11,742 Step 4080: loss = 0.15
2020-08-28 19:50:12,048 ============================================================
2020-08-28 19:50:12,048 Step 4080
2020-08-28 19:50:32,818 Step 4100: loss = 0.16
2020-08-28 19:50:53,678 Step 4120: loss = 0.11
2020-08-28 19:51:14,561 Step 4140: loss = 0.13
2020-08-28 19:51:35,775 Step 4160: loss = 0.10
2020-08-28 19:51:36,071 ============================================================
2020-08-28 19:51:36,072 Step 4160
2020-08-28 19:51:56,960 Step 4180: loss = 0.10
2020-08-28 19:52:18,098 Step 4200: loss = 0.12
2020-08-28 19:52:39,212 Step 4220: loss = 0.13
2020-08-28 19:53:00,389 Step 4240: loss = 0.22
2020-08-28 19:53:00,678 ============================================================
2020-08-28 19:53:00,678 Step 4240
2020-08-28 19:53:21,285 Step 4260: loss = 0.10
2020-08-28 19:53:42,361 Step 4280: loss = 0.04
2020-08-28 19:54:03,565 Step 4300: loss = 0.10
2020-08-28 19:54:24,580 Step 4320: loss = 0.22
2020-08-28 19:54:24,884 ============================================================
2020-08-28 19:54:24,884 Step 4320
2020-08-28 19:54:45,640 Step 4340: loss = 0.09
2020-08-28 19:55:06,700 Step 4360: loss = 0.13
2020-08-28 19:55:27,564 Step 4380: loss = 0.11
2020-08-28 19:55:48,622 Step 4400: loss = 0.03
2020-08-28 19:55:48,912 ============================================================
2020-08-28 19:55:48,912 Step 4400
2020-08-28 19:56:09,526 Step 4420: loss = 0.05
2020-08-28 19:56:30,601 Step 4440: loss = 0.21
2020-08-28 19:56:51,474 Step 4460: loss = 0.06
2020-08-28 19:57:12,107 Step 4480: loss = 0.18
2020-08-28 19:57:12,404 ============================================================
2020-08-28 19:57:12,404 Step 4480
2020-08-28 19:57:32,999 Step 4500: loss = 0.15
2020-08-28 19:57:34,316 Training Data Eval:
2020-08-28 19:58:11,421   Average loss: 0.1397, average dice: 0.8603
2020-08-28 19:58:11,428 Validation Data Eval:
2020-08-28 19:58:20,734   Average loss: 0.2161, average dice: 0.7839
2020-08-28 19:58:21,549 Found new average best dice on validation sets! - 0.783945 -  Saving model.
2020-08-28 19:58:41,417 Step 4520: loss = 0.10
2020-08-28 19:59:02,324 Step 4540: loss = 0.07
2020-08-28 19:59:23,095 Step 4560: loss = 0.05
2020-08-28 19:59:23,386 ============================================================
2020-08-28 19:59:23,386 Step 4560
2020-08-28 19:59:43,975 Step 4580: loss = 0.18
2020-08-28 20:00:05,099 Step 4600: loss = 0.24
2020-08-28 20:00:26,057 Step 4620: loss = 0.09
2020-08-28 20:00:47,101 Step 4640: loss = 0.10
2020-08-28 20:00:47,402 ============================================================
2020-08-28 20:00:47,402 Step 4640
2020-08-28 20:01:08,034 Step 4660: loss = 0.12
2020-08-28 20:01:29,002 Step 4680: loss = 0.10
2020-08-28 20:01:49,815 Step 4700: loss = 0.05
2020-08-28 20:02:10,648 Step 4720: loss = 0.09
2020-08-28 20:02:10,939 ============================================================
2020-08-28 20:02:10,940 Step 4720
2020-08-28 20:02:31,656 Step 4740: loss = 0.10
2020-08-28 20:02:52,626 Step 4760: loss = 0.17
2020-08-28 20:03:13,613 Step 4780: loss = 0.14
2020-08-28 20:03:34,788 Step 4800: loss = 0.09
2020-08-28 20:03:35,084 ============================================================
2020-08-28 20:03:35,084 Step 4800
2020-08-28 20:03:55,861 Step 4820: loss = 0.05
2020-08-28 20:04:16,878 Step 4840: loss = 0.08
2020-08-28 20:04:37,947 Step 4860: loss = 0.11
2020-08-28 20:04:59,206 Step 4880: loss = 0.14
2020-08-28 20:04:59,507 ============================================================
2020-08-28 20:04:59,507 Step 4880
2020-08-28 20:05:20,503 Step 4900: loss = 0.09
2020-08-28 20:05:41,648 Step 4920: loss = 0.04
2020-08-28 20:06:02,640 Step 4940: loss = 0.10
2020-08-28 20:06:23,694 Step 4960: loss = 0.10
2020-08-28 20:06:23,990 ============================================================
2020-08-28 20:06:23,990 Step 4960
2020-08-28 20:06:44,541 Step 4980: loss = 0.04
2020-08-28 20:07:05,538 Step 5000: loss = 0.04
2020-08-28 20:07:06,893 Training Data Eval:
2020-08-28 20:07:43,630   Average loss: 0.1437, average dice: 0.8563
2020-08-28 20:07:44,470 Validation Data Eval:
2020-08-28 20:07:53,615   Average loss: 0.2350, average dice: 0.7650
2020-08-28 20:08:13,265 Step 5020: loss = 0.10
2020-08-28 20:08:34,105 Step 5040: loss = 0.09
2020-08-28 20:08:34,402 ============================================================
2020-08-28 20:08:34,402 Step 5040
2020-08-28 20:08:55,144 Step 5060: loss = 0.16
2020-08-28 20:09:16,166 Step 5080: loss = 0.08
2020-08-28 20:09:37,322 Step 5100: loss = 0.15
2020-08-28 20:09:58,263 Step 5120: loss = 0.16
2020-08-28 20:09:58,559 ============================================================
2020-08-28 20:09:58,559 Step 5120
2020-08-28 20:10:19,385 Step 5140: loss = 0.22
2020-08-28 20:10:40,575 Step 5160: loss = 0.17
2020-08-28 20:11:01,835 Step 5180: loss = 0.09
2020-08-28 20:11:23,026 Step 5200: loss = 0.17
2020-08-28 20:11:23,329 ============================================================
2020-08-28 20:11:23,329 Step 5200
2020-08-28 20:11:43,786 Step 5220: loss = 0.11
2020-08-28 20:12:04,737 Step 5240: loss = 0.16
2020-08-28 20:12:25,680 Step 5260: loss = 0.21
2020-08-28 20:12:46,571 Step 5280: loss = 0.14
2020-08-28 20:12:46,867 ============================================================
2020-08-28 20:12:46,867 Step 5280
2020-08-28 20:13:07,593 Step 5300: loss = 0.10
2020-08-28 20:13:28,533 Step 5320: loss = 0.16
2020-08-28 20:13:49,404 Step 5340: loss = 0.09
2020-08-28 20:14:10,502 Step 5360: loss = 0.15
2020-08-28 20:14:10,800 ============================================================
2020-08-28 20:14:10,800 Step 5360
2020-08-28 20:14:31,412 Step 5380: loss = 0.15
2020-08-28 20:14:52,644 Step 5400: loss = 0.05
2020-08-28 20:15:13,461 Step 5420: loss = 0.10
2020-08-28 20:15:34,677 Step 5440: loss = 0.04
2020-08-28 20:15:34,978 ============================================================
2020-08-28 20:15:34,978 Step 5440
2020-08-28 20:15:55,486 Step 5460: loss = 0.11
2020-08-28 20:16:16,558 Step 5480: loss = 0.16
2020-08-28 20:16:37,581 Step 5500: loss = 0.09
2020-08-28 20:16:38,935 Training Data Eval:
2020-08-28 20:17:16,306   Average loss: 0.1484, average dice: 0.8516
2020-08-28 20:17:16,314 Validation Data Eval:
2020-08-28 20:17:25,676   Average loss: 0.2354, average dice: 0.7646
2020-08-28 20:17:45,485 Step 5520: loss = 0.16
2020-08-28 20:17:45,778 ============================================================
2020-08-28 20:17:45,778 Step 5520
2020-08-28 20:18:06,593 Step 5540: loss = 0.16
2020-08-28 20:18:27,450 Step 5560: loss = 0.15
2020-08-28 20:18:48,577 Step 5580: loss = 0.20
2020-08-28 20:19:09,562 Step 5600: loss = 0.23
2020-08-28 20:19:09,853 ============================================================
2020-08-28 20:19:09,854 Step 5600
2020-08-28 20:19:30,483 Step 5620: loss = 0.15
2020-08-28 20:19:51,711 Step 5640: loss = 0.04
2020-08-28 20:20:12,603 Step 5660: loss = 0.09
2020-08-28 20:20:33,496 Step 5680: loss = 0.04
2020-08-28 20:20:33,792 ============================================================
2020-08-28 20:20:33,792 Step 5680
2020-08-28 20:20:54,454 Step 5700: loss = 0.15
2020-08-28 20:21:15,442 Step 5720: loss = 0.03
2020-08-28 20:21:36,668 Step 5740: loss = 0.12
2020-08-28 20:21:57,736 Step 5760: loss = 0.04
2020-08-28 20:21:58,030 ============================================================
2020-08-28 20:21:58,030 Step 5760
2020-08-28 20:22:19,031 Step 5780: loss = 0.09
2020-08-28 20:22:39,989 Step 5800: loss = 0.15
2020-08-28 20:23:00,876 Step 5820: loss = 0.04
2020-08-28 20:23:21,898 Step 5840: loss = 0.10
2020-08-28 20:23:22,187 ============================================================
2020-08-28 20:23:22,187 Step 5840
2020-08-28 20:23:42,808 Step 5860: loss = 0.28
2020-08-28 20:24:03,685 Step 5880: loss = 0.04
2020-08-28 20:24:24,462 Step 5900: loss = 0.16
2020-08-28 20:24:45,438 Step 5920: loss = 0.10
2020-08-28 20:24:45,731 ============================================================
2020-08-28 20:24:45,731 Step 5920
2020-08-28 20:25:06,299 Step 5940: loss = 0.18
2020-08-28 20:25:27,163 Step 5960: loss = 0.22
2020-08-28 20:25:48,257 Step 5980: loss = 0.12
2020-08-28 20:26:09,310 Step 6000: loss = 0.10
2020-08-28 20:26:09,609 ============================================================
2020-08-28 20:26:09,609 Step 6000
2020-08-28 20:26:10,672 Training Data Eval:
2020-08-28 20:26:47,978   Average loss: 0.1876, average dice: 0.8124
2020-08-28 20:26:48,792 Validation Data Eval:
2020-08-28 20:26:58,048   Average loss: 0.2643, average dice: 0.7357
2020-08-28 20:27:17,708 Step 6020: loss = 0.16
2020-08-28 20:27:38,834 Step 6040: loss = 0.11
2020-08-28 20:27:59,653 Step 6060: loss = 0.23
2020-08-28 20:28:20,600 Step 6080: loss = 0.09
2020-08-28 20:28:20,902 ============================================================
2020-08-28 20:28:20,903 Step 6080
2020-08-28 20:28:41,758 Step 6100: loss = 0.04
2020-08-28 20:29:02,833 Step 6120: loss = 0.07
2020-08-28 20:29:23,900 Step 6140: loss = 0.15
2020-08-28 20:29:44,954 Step 6160: loss = 0.20
2020-08-28 20:29:45,248 ============================================================
2020-08-28 20:29:45,249 Step 6160
2020-08-28 20:30:05,883 Step 6180: loss = 0.11
2020-08-28 20:30:26,844 Step 6200: loss = 0.16
2020-08-28 20:30:47,823 Step 6220: loss = 0.11
2020-08-28 20:31:08,812 Step 6240: loss = 0.09
2020-08-28 20:31:09,102 ============================================================
2020-08-28 20:31:09,102 Step 6240
2020-08-28 20:31:29,730 Step 6260: loss = 0.21
2020-08-28 20:31:50,538 Step 6280: loss = 0.20
2020-08-28 20:32:11,596 Step 6300: loss = 0.04
2020-08-28 20:32:32,771 Step 6320: loss = 0.10
2020-08-28 20:32:33,070 ============================================================
2020-08-28 20:32:33,070 Step 6320
2020-08-28 20:32:53,601 Step 6340: loss = 0.10
2020-08-28 20:33:14,610 Step 6360: loss = 0.09
2020-08-28 20:33:35,594 Step 6380: loss = 0.16
2020-08-28 20:33:56,584 Step 6400: loss = 0.13
2020-08-28 20:33:56,880 ============================================================
2020-08-28 20:33:56,881 Step 6400
2020-08-28 20:34:17,834 Step 6420: loss = 0.11
2020-08-28 20:34:38,709 Step 6440: loss = 0.11
2020-08-28 20:34:59,644 Step 6460: loss = 0.10
2020-08-28 20:35:20,572 Step 6480: loss = 0.05
2020-08-28 20:35:20,861 ============================================================
2020-08-28 20:35:20,861 Step 6480
2020-08-28 20:35:41,518 Step 6500: loss = 0.09
2020-08-28 20:35:42,814 Training Data Eval:
2020-08-28 20:36:19,508   Average loss: 0.2183, average dice: 0.7817
2020-08-28 20:36:19,514 Validation Data Eval:
2020-08-28 20:36:28,672   Average loss: 0.2860, average dice: 0.7140
2020-08-28 20:36:48,342 Step 6520: loss = 0.04
2020-08-28 20:37:09,395 Step 6540: loss = 0.06
2020-08-28 20:37:30,248 Step 6560: loss = 0.18
2020-08-28 20:37:30,537 ============================================================
2020-08-28 20:37:30,537 Step 6560
2020-08-28 20:37:51,194 Step 6580: loss = 0.09
2020-08-28 20:38:12,037 Step 6600: loss = 0.09
2020-08-28 20:38:33,135 Step 6620: loss = 0.04
2020-08-28 20:38:54,067 Step 6640: loss = 0.15
2020-08-28 20:38:54,367 ============================================================
2020-08-28 20:38:54,367 Step 6640
2020-08-28 20:39:15,159 Step 6660: loss = 0.15
2020-08-28 20:39:36,380 Step 6680: loss = 0.04
2020-08-28 20:39:57,299 Step 6700: loss = 0.15
2020-08-28 20:40:18,283 Step 6720: loss = 0.16
2020-08-28 20:40:18,580 ============================================================
2020-08-28 20:40:18,580 Step 6720
2020-08-28 20:40:39,096 Step 6740: loss = 0.10
2020-08-28 20:41:00,227 Step 6760: loss = 0.16
2020-08-28 20:41:21,171 Step 6780: loss = 0.15
2020-08-28 20:41:42,105 Step 6800: loss = 0.20
2020-08-28 20:41:42,395 ============================================================
2020-08-28 20:41:42,395 Step 6800
2020-08-28 20:42:03,060 Step 6820: loss = 0.18
2020-08-28 20:42:23,876 Step 6840: loss = 0.12
2020-08-28 20:42:45,177 Step 6860: loss = 0.21
2020-08-28 20:43:06,454 Step 6880: loss = 0.15
2020-08-28 20:43:06,760 ============================================================
2020-08-28 20:43:06,760 Step 6880
2020-08-28 20:43:27,549 Step 6900: loss = 0.12
2020-08-28 20:43:48,347 Step 6920: loss = 0.16
2020-08-28 20:44:09,305 Step 6940: loss = 0.16
2020-08-28 20:44:30,553 Step 6960: loss = 0.15
2020-08-28 20:44:30,851 ============================================================
2020-08-28 20:44:30,851 Step 6960
2020-08-28 20:44:51,522 Step 6980: loss = 0.15
2020-08-28 20:45:12,647 Step 7000: loss = 0.18
2020-08-28 20:45:13,972 Training Data Eval:
2020-08-28 20:45:51,257   Average loss: 0.1105, average dice: 0.8895
2020-08-28 20:45:52,183 Validation Data Eval:
2020-08-28 20:46:01,373   Average loss: 0.2161, average dice: 0.7839
2020-08-28 20:46:21,147 Step 7020: loss = 0.03
2020-08-28 20:46:42,217 Step 7040: loss = 0.20
2020-08-28 20:46:42,516 ============================================================
2020-08-28 20:46:42,516 Step 7040
2020-08-28 20:47:03,331 Step 7060: loss = 0.09
2020-08-28 20:47:24,362 Step 7080: loss = 0.09
2020-08-28 20:47:45,454 Step 7100: loss = 0.04
2020-08-28 20:48:06,488 Step 7120: loss = 0.12
2020-08-28 20:48:06,779 ============================================================
2020-08-28 20:48:06,779 Step 7120
2020-08-28 20:48:27,701 Step 7140: loss = 0.21
2020-08-28 20:48:48,788 Step 7160: loss = 0.18
2020-08-28 20:49:09,841 Step 7180: loss = 0.21
2020-08-28 20:49:30,927 Step 7200: loss = 0.03
2020-08-28 20:49:31,253 ============================================================
2020-08-28 20:49:31,253 Step 7200
2020-08-28 20:49:52,267 Step 7220: loss = 0.09
2020-08-28 20:50:13,390 Step 7240: loss = 0.10
2020-08-28 20:50:34,455 Step 7260: loss = 0.04
2020-08-28 20:50:55,455 Step 7280: loss = 0.03
2020-08-28 20:50:55,751 ============================================================
2020-08-28 20:50:55,751 Step 7280
2020-08-28 20:51:16,615 Step 7300: loss = 0.03
2020-08-28 20:51:37,950 Step 7320: loss = 0.08
2020-08-28 20:51:59,061 Step 7340: loss = 0.27
2020-08-28 20:52:20,276 Step 7360: loss = 0.16
2020-08-28 20:52:20,572 ============================================================
2020-08-28 20:52:20,572 Step 7360
2020-08-28 20:52:41,330 Step 7380: loss = 0.15
2020-08-28 20:53:02,475 Step 7400: loss = 0.03
2020-08-28 20:53:23,378 Step 7420: loss = 0.03
2020-08-28 20:53:44,329 Step 7440: loss = 0.10
2020-08-28 20:53:44,624 ============================================================
2020-08-28 20:53:44,624 Step 7440
2020-08-28 20:54:05,376 Step 7460: loss = 0.11
2020-08-28 20:54:26,391 Step 7480: loss = 0.04
2020-08-28 20:54:47,390 Step 7500: loss = 0.15
2020-08-28 20:54:48,702 Training Data Eval:
2020-08-28 20:55:25,953   Average loss: 0.1160, average dice: 0.8840
2020-08-28 20:55:25,965 Validation Data Eval:
2020-08-28 20:55:35,398   Average loss: 0.2224, average dice: 0.7776
2020-08-28 20:55:55,212 Step 7520: loss = 0.14
2020-08-28 20:55:55,512 ============================================================
2020-08-28 20:55:55,512 Step 7520
2020-08-28 20:56:16,220 Step 7540: loss = 0.20
2020-08-28 20:56:37,128 Step 7560: loss = 0.10
2020-08-28 20:56:58,055 Step 7580: loss = 0.29
2020-08-28 20:57:19,238 Step 7600: loss = 0.09
2020-08-28 20:57:19,533 ============================================================
2020-08-28 20:57:19,533 Step 7600
2020-08-28 20:57:40,230 Step 7620: loss = 0.11
2020-08-28 20:58:01,215 Step 7640: loss = 0.16
2020-08-28 20:58:22,066 Step 7660: loss = 0.03
2020-08-28 20:58:43,241 Step 7680: loss = 0.04
2020-08-28 20:58:43,539 ============================================================
2020-08-28 20:58:43,539 Step 7680
2020-08-28 20:59:04,166 Step 7700: loss = 0.18
2020-08-28 20:59:25,101 Step 7720: loss = 0.09
2020-08-28 20:59:46,224 Step 7740: loss = 0.15
2020-08-28 21:00:07,364 Step 7760: loss = 0.20
2020-08-28 21:00:07,662 ============================================================
2020-08-28 21:00:07,662 Step 7760
2020-08-28 21:00:28,457 Step 7780: loss = 0.09
2020-08-28 21:00:49,317 Step 7800: loss = 0.10
2020-08-28 21:01:10,415 Step 7820: loss = 0.13
2020-08-28 21:01:31,509 Step 7840: loss = 0.10
2020-08-28 21:01:31,801 ============================================================
2020-08-28 21:01:31,801 Step 7840
2020-08-28 21:01:52,444 Step 7860: loss = 0.03
2020-08-28 21:02:13,532 Step 7880: loss = 0.11
2020-08-28 21:02:34,607 Step 7900: loss = 0.23
2020-08-28 21:02:55,680 Step 7920: loss = 0.10
2020-08-28 21:02:55,975 ============================================================
2020-08-28 21:02:55,975 Step 7920
2020-08-28 21:03:16,675 Step 7940: loss = 0.15
2020-08-28 21:03:37,748 Step 7960: loss = 0.11
2020-08-28 21:03:59,021 Step 7980: loss = 0.09
2020-08-28 21:04:20,069 Step 8000: loss = 0.14
2020-08-28 21:04:20,367 ============================================================
2020-08-28 21:04:20,367 Step 8000
2020-08-28 21:04:21,380 Training Data Eval:
2020-08-28 21:04:58,956   Average loss: 0.1181, average dice: 0.8819
2020-08-28 21:04:59,826 Validation Data Eval:
2020-08-28 21:05:09,130   Average loss: 0.2121, average dice: 0.7879
2020-08-28 21:05:09,989 Found new average best dice on validation sets! - 0.787922 -  Saving model.
2020-08-28 21:05:29,753 Step 8020: loss = 0.11
2020-08-28 21:05:50,786 Step 8040: loss = 0.08
2020-08-28 21:06:11,745 Step 8060: loss = 0.09
2020-08-28 21:06:32,715 Step 8080: loss = 0.02
2020-08-28 21:06:33,012 ============================================================
2020-08-28 21:06:33,013 Step 8080
2020-08-28 21:06:53,722 Step 8100: loss = 0.09
2020-08-28 21:07:14,860 Step 8120: loss = 0.10
2020-08-28 21:07:36,009 Step 8140: loss = 0.24
2020-08-28 21:07:57,108 Step 8160: loss = 0.05
2020-08-28 21:07:57,400 ============================================================
2020-08-28 21:07:57,400 Step 8160
2020-08-28 21:08:18,212 Step 8180: loss = 0.06
2020-08-28 21:08:39,354 Step 8200: loss = 0.10
2020-08-28 21:09:00,620 Step 8220: loss = 0.16
2020-08-28 21:09:21,654 Step 8240: loss = 0.15
2020-08-28 21:09:21,951 ============================================================
2020-08-28 21:09:21,951 Step 8240
2020-08-28 21:09:42,704 Step 8260: loss = 0.25
2020-08-28 21:10:03,822 Step 8280: loss = 0.16
2020-08-28 21:10:24,710 Step 8300: loss = 0.06
2020-08-28 21:10:45,689 Step 8320: loss = 0.11
2020-08-28 21:10:45,992 ============================================================
2020-08-28 21:10:45,993 Step 8320
2020-08-28 21:11:06,741 Step 8340: loss = 0.16
2020-08-28 21:11:27,918 Step 8360: loss = 0.04
2020-08-28 21:11:49,172 Step 8380: loss = 0.16
2020-08-28 21:12:10,143 Step 8400: loss = 0.03
2020-08-28 21:12:10,438 ============================================================
2020-08-28 21:12:10,438 Step 8400
2020-08-28 21:12:31,306 Step 8420: loss = 0.15
2020-08-28 21:12:52,428 Step 8440: loss = 0.14
2020-08-28 21:13:13,545 Step 8460: loss = 0.05
2020-08-28 21:13:34,381 Step 8480: loss = 0.32
2020-08-28 21:13:34,677 ============================================================
2020-08-28 21:13:34,677 Step 8480
2020-08-28 21:13:55,515 Step 8500: loss = 0.15
2020-08-28 21:13:56,819 Training Data Eval:
2020-08-28 21:14:34,247   Average loss: 0.1361, average dice: 0.8639
2020-08-28 21:14:34,261 Validation Data Eval:
2020-08-28 21:14:43,548   Average loss: 0.2316, average dice: 0.7684
2020-08-28 21:15:03,342 Step 8520: loss = 0.08
2020-08-28 21:15:24,409 Step 8540: loss = 0.22
2020-08-28 21:15:45,298 Step 8560: loss = 0.21
2020-08-28 21:15:45,598 ============================================================
2020-08-28 21:15:45,598 Step 8560
2020-08-28 21:16:06,256 Step 8580: loss = 0.15
2020-08-28 21:16:27,250 Step 8600: loss = 0.18
2020-08-28 21:16:48,281 Step 8620: loss = 0.09
2020-08-28 21:17:09,295 Step 8640: loss = 0.09
2020-08-28 21:17:09,589 ============================================================
2020-08-28 21:17:09,589 Step 8640
2020-08-28 21:17:30,162 Step 8660: loss = 0.15
2020-08-28 21:17:50,943 Step 8680: loss = 0.16
2020-08-28 21:18:12,083 Step 8700: loss = 0.08
2020-08-28 21:18:32,848 Step 8720: loss = 0.09
2020-08-28 21:18:33,138 ============================================================
2020-08-28 21:18:33,138 Step 8720
2020-08-28 21:18:53,938 Step 8740: loss = 0.04
2020-08-28 21:19:14,852 Step 8760: loss = 0.09
2020-08-28 21:19:35,910 Step 8780: loss = 0.12
2020-08-28 21:19:56,897 Step 8800: loss = 0.09
2020-08-28 21:19:57,194 ============================================================
2020-08-28 21:19:57,194 Step 8800
2020-08-28 21:20:18,036 Step 8820: loss = 0.04
2020-08-28 21:20:38,902 Step 8840: loss = 0.08
2020-08-28 21:20:59,828 Step 8860: loss = 0.09
2020-08-28 21:21:20,882 Step 8880: loss = 0.08
2020-08-28 21:21:21,182 ============================================================
2020-08-28 21:21:21,182 Step 8880
2020-08-28 21:21:41,835 Step 8900: loss = 0.27
2020-08-28 21:22:02,846 Step 8920: loss = 0.26
2020-08-28 21:22:23,716 Step 8940: loss = 0.26
2020-08-28 21:22:44,783 Step 8960: loss = 0.09
2020-08-28 21:22:45,075 ============================================================
2020-08-28 21:22:45,075 Step 8960
2020-08-28 21:23:05,670 Step 8980: loss = 0.16
2020-08-28 21:23:26,562 Step 9000: loss = 0.09
2020-08-28 21:23:27,859 Training Data Eval:
2020-08-28 21:24:04,725   Average loss: 0.1127, average dice: 0.8873
2020-08-28 21:24:05,499 Validation Data Eval:
2020-08-28 21:24:14,923   Average loss: 0.2152, average dice: 0.7848
2020-08-28 21:24:34,716 Step 9020: loss = 0.06
2020-08-28 21:24:55,506 Step 9040: loss = 0.17
2020-08-28 21:24:55,796 ============================================================
2020-08-28 21:24:55,796 Step 9040
2020-08-28 21:25:16,423 Step 9060: loss = 0.02
2020-08-28 21:25:37,055 Step 9080: loss = 0.05
2020-08-28 21:25:58,121 Step 9100: loss = 0.16
2020-08-28 21:26:19,131 Step 9120: loss = 0.09
2020-08-28 21:26:19,424 ============================================================
2020-08-28 21:26:19,424 Step 9120
2020-08-28 21:26:40,060 Step 9140: loss = 0.09
2020-08-28 21:27:01,131 Step 9160: loss = 0.08
2020-08-28 21:27:22,246 Step 9180: loss = 0.03
2020-08-28 21:27:43,255 Step 9200: loss = 0.09
2020-08-28 21:27:43,556 ============================================================
2020-08-28 21:27:43,556 Step 9200
2020-08-28 21:28:03,930 Step 9220: loss = 0.14
2020-08-28 21:28:25,045 Step 9240: loss = 0.09
2020-08-28 21:28:45,985 Step 9260: loss = 0.10
2020-08-28 21:29:06,667 Step 9280: loss = 0.14
2020-08-28 21:29:06,958 ============================================================
2020-08-28 21:29:06,958 Step 9280
2020-08-28 21:29:27,646 Step 9300: loss = 0.02
2020-08-28 21:29:48,451 Step 9320: loss = 0.09
2020-08-28 21:30:09,331 Step 9340: loss = 0.08
2020-08-28 21:30:30,164 Step 9360: loss = 0.16
2020-08-28 21:30:30,457 ============================================================
2020-08-28 21:30:30,457 Step 9360
2020-08-28 21:30:51,171 Step 9380: loss = 0.05
2020-08-28 21:31:12,162 Step 9400: loss = 0.11
2020-08-28 21:31:33,110 Step 9420: loss = 0.10
2020-08-28 21:31:54,075 Step 9440: loss = 0.10
2020-08-28 21:31:54,374 ============================================================
2020-08-28 21:31:54,374 Step 9440
2020-08-28 21:32:15,052 Step 9460: loss = 0.12
2020-08-28 21:32:35,977 Step 9480: loss = 0.02
2020-08-28 21:32:56,936 Step 9500: loss = 0.15
2020-08-28 21:32:58,238 Training Data Eval:
2020-08-28 21:33:35,201   Average loss: 0.1180, average dice: 0.8820
2020-08-28 21:33:35,209 Validation Data Eval:
2020-08-28 21:33:44,589   Average loss: 0.2195, average dice: 0.7805
2020-08-28 21:34:04,239 Step 9520: loss = 0.03
2020-08-28 21:34:04,532 ============================================================
2020-08-28 21:34:04,532 Step 9520
2020-08-28 21:34:25,309 Step 9540: loss = 0.02
2020-08-28 21:34:46,396 Step 9560: loss = 0.08
2020-08-28 21:35:07,419 Step 9580: loss = 0.12
2020-08-28 21:35:28,409 Step 9600: loss = 0.10
2020-08-28 21:35:28,705 ============================================================
2020-08-28 21:35:28,705 Step 9600
2020-08-28 21:35:49,329 Step 9620: loss = 0.14
2020-08-28 21:36:10,295 Step 9640: loss = 0.18
2020-08-28 21:36:31,036 Step 9660: loss = 0.15
2020-08-28 21:36:51,857 Step 9680: loss = 0.06
2020-08-28 21:36:52,147 ============================================================
2020-08-28 21:36:52,148 Step 9680
2020-08-28 21:37:12,774 Step 9700: loss = 0.16
2020-08-28 21:37:33,663 Step 9720: loss = 0.16
2020-08-28 21:37:54,332 Step 9740: loss = 0.10
2020-08-28 21:38:15,456 Step 9760: loss = 0.10
2020-08-28 21:38:15,762 ============================================================
2020-08-28 21:38:15,762 Step 9760
2020-08-28 21:38:36,578 Step 9780: loss = 0.15
2020-08-28 21:38:57,456 Step 9800: loss = 0.04
2020-08-28 21:39:18,291 Step 9820: loss = 0.09
2020-08-28 21:39:39,248 Step 9840: loss = 0.12
2020-08-28 21:39:39,544 ============================================================
2020-08-28 21:39:39,544 Step 9840
2020-08-28 21:40:00,046 Step 9860: loss = 0.09
2020-08-28 21:40:20,819 Step 9880: loss = 0.12
2020-08-28 21:40:41,599 Step 9900: loss = 0.09
2020-08-28 21:41:02,599 Step 9920: loss = 0.11
2020-08-28 21:41:02,892 ============================================================
2020-08-28 21:41:02,892 Step 9920
2020-08-28 21:41:23,348 Step 9940: loss = 0.20
2020-08-28 21:41:44,156 Step 9960: loss = 0.09
2020-08-28 21:42:04,807 Step 9980: loss = 0.03
2020-08-28 21:42:25,729 Step 10000: loss = 0.17
Already preprocessed this configuration. Loading now...
Already preprocessed this configuration. Loading now...
Hostname was: biwirender17
Reached end of job file.
