2020-08-31 16:33:59,036 ============================================================
2020-08-31 16:33:59,037 Loading validation data from: /usr/bmicnas01/data-biwi-01/nkarani/students/nicolas/data/freiburg
2020-08-31 16:33:59,044 Shape of test images: (128, 144, 112, 48, 4)
2020-08-31 16:33:59,044 Shape of test labels: (128, 144, 112, 48)
2020-08-31 16:33:59,044 ============================================================
2020-08-31 16:34:00,115 =======================================================
2020-08-31 16:34:00,115 Details of the segmentation CNN architecture
2020-08-31 16:34:00,115 =======================================================
2020-08-31 16:34:00,115 Shape of input: (8, 144, 112, 48, 4)
2020-08-31 16:34:00,115 Shape after 1st max pooling layer: (8, 72, 56, 24, 8)
2020-08-31 16:34:00,115 Shape after 2nd max pooling layer: (8, 36, 28, 12, 16)
2020-08-31 16:34:00,115 Shape after 3rd max pooling layer: (8, 18, 14, 6, 32)
2020-08-31 16:34:00,115 Shape after 4th max pooling layer: (8, 9, 7, 3, 64)
2020-08-31 16:34:00,115 =======================================================
2020-08-31 16:34:00,115 Before each maxpool, there are 2 conv blocks.
2020-08-31 16:34:00,115 Each conv block consists of conv3d (k=3), followed by BN, followed by relu.
2020-08-31 16:34:00,115 =======================================================
2020-08-31 16:34:00,115 Shape of the bottleneck layer: (8, 9, 7, 3, 128)
2020-08-31 16:34:00,115 =======================================================
2020-08-31 16:34:00,115 Shape after 1st upsampling block: (8, 18, 14, 6, 64)
2020-08-31 16:34:00,115 Shape after 2nd upsampling block: (8, 36, 28, 12, 32)
2020-08-31 16:34:00,115 Shape after 3rd upsampling block: (8, 72, 56, 24, 16)
2020-08-31 16:34:00,115 Shape after 4rd upsampling block: (8, 144, 112, 48, 8)
2020-08-31 16:34:00,115 =======================================================
2020-08-31 16:34:00,115 Each upsampling block consists of bilinear upsampling, followed by skip connection, followed by 2 conv blocks.
2020-08-31 16:34:00,115 =======================================================
2020-08-31 16:34:00,116 Shape of output (before softmax): (8, 144, 112, 48, 2)
2020-08-31 16:34:00,116 =======================================================
2020-08-31 16:34:00,214 Adding the op to initialize variables...
2020-08-31 16:34:00.216165: I tensorflow/core/platform/cpu_feature_guard.cc:141] Your CPU supports instructions that this TensorFlow binary was not compiled to use: AVX2 FMA
2020-08-31 16:34:00.432759: I tensorflow/core/common_runtime/gpu/gpu_device.cc:1432] Found device 0 with properties: 
name: TITAN Xp major: 6 minor: 1 memoryClockRate(GHz): 1.582
pciBusID: 0000:88:00.0
totalMemory: 11.91GiB freeMemory: 11.76GiB
2020-08-31 16:34:00.432799: I tensorflow/core/common_runtime/gpu/gpu_device.cc:1511] Adding visible gpu devices: 0
2020-08-31 16:34:07.370535: I tensorflow/core/common_runtime/gpu/gpu_device.cc:982] Device interconnect StreamExecutor with strength 1 edge matrix:
2020-08-31 16:34:07.370599: I tensorflow/core/common_runtime/gpu/gpu_device.cc:988]      0 
2020-08-31 16:34:07.370613: I tensorflow/core/common_runtime/gpu/gpu_device.cc:1001] 0:   N 
2020-08-31 16:34:07.370912: I tensorflow/core/common_runtime/gpu/gpu_device.cc:1115] Created TensorFlow device (/job:localhost/replica:0/task:0/device:GPU:0 with 11376 MB memory) -> physical GPU (device: 0, name: TITAN Xp, pci bus id: 0000:88:00.0, compute capability: 6.1)
2020-08-31 16:34:07,877 ========================================================
2020-08-31 16:34:07,877 Restoring the trained parameters from /usr/bmicnas01/data-biwi-01/nkarani/projects/hpc_predict/code/aorta_segmentation/v2.0/logdir/unet3d_da_0.0_r1/models/best_dice.ckpt-8000...
INFO:tensorflow:Restoring parameters from /usr/bmicnas01/data-biwi-01/nkarani/projects/hpc_predict/code/aorta_segmentation/v2.0/logdir/unet3d_da_0.0_r1/models/best_dice.ckpt-8000
2020-08-31 16:34:07,903 Restoring parameters from /usr/bmicnas01/data-biwi-01/nkarani/projects/hpc_predict/code/aorta_segmentation/v2.0/logdir/unet3d_da_0.0_r1/models/best_dice.ckpt-8000
2020-08-31 16:34:08,122 ========================================================
2020-08-31 16:34:08,122 Predicting segmentation for test subject 1...
2020-08-31 16:34:17,600 (32, 144, 112, 48, 4)
2020-08-31 16:34:17,601 (32, 144, 112, 48)
2020-08-31 16:34:17,601 (32, 144, 112, 48)
2020-08-31 16:34:17,601 ========================================================
2020-08-31 16:34:17,601 Predicting segmentation for test subject 2...
2020-08-31 16:34:22,104 (32, 144, 112, 48, 4)
2020-08-31 16:34:22,104 (32, 144, 112, 48)
2020-08-31 16:34:22,104 (32, 144, 112, 48)
2020-08-31 16:34:22,105 ========================================================
2020-08-31 16:34:22,105 Predicting segmentation for test subject 3...
2020-08-31 16:34:26,591 (32, 144, 112, 48, 4)
2020-08-31 16:34:26,592 (32, 144, 112, 48)
2020-08-31 16:34:26,592 (32, 144, 112, 48)
2020-08-31 16:34:26,592 ========================================================
2020-08-31 16:34:26,592 Predicting segmentation for test subject 4...
2020-08-31 16:34:30,972 (32, 144, 112, 48, 4)
2020-08-31 16:34:30,972 (32, 144, 112, 48)
2020-08-31 16:34:30,972 (32, 144, 112, 48)
Already preprocessed this configuration. Loading now...
/usr/bmicnas01/data-biwi-01/nkarani/projects/hpc_predict/code/aorta_segmentation/v2.0/logdir/unet3d_da_0.0_r1
Hostname was: bmicgpu04
Reached end of job file.
