2020-08-31 18:11:36,678 ============================================================
2020-08-31 18:11:36,678 Loading validation data from: /usr/bmicnas01/data-biwi-01/nkarani/students/nicolas/data/freiburg
2020-08-31 18:11:36,688 Shape of test images: (128, 144, 112, 48, 4)
2020-08-31 18:11:36,688 Shape of test labels: (128, 144, 112, 48)
2020-08-31 18:11:36,688 ============================================================
2020-08-31 18:11:37,905 =======================================================
2020-08-31 18:11:37,906 Details of the segmentation CNN architecture
2020-08-31 18:11:37,906 =======================================================
2020-08-31 18:11:37,906 Shape of input: (8, 144, 112, 48, 4)
2020-08-31 18:11:37,906 Shape after 1st max pooling layer: (8, 72, 56, 24, 8)
2020-08-31 18:11:37,906 Shape after 2nd max pooling layer: (8, 36, 28, 12, 16)
2020-08-31 18:11:37,906 Shape after 3rd max pooling layer: (8, 18, 14, 6, 32)
2020-08-31 18:11:37,906 Shape after 4th max pooling layer: (8, 9, 7, 3, 64)
2020-08-31 18:11:37,906 =======================================================
2020-08-31 18:11:37,906 Before each maxpool, there are 2 conv blocks.
2020-08-31 18:11:37,906 Each conv block consists of conv3d (k=3), followed by BN, followed by relu.
2020-08-31 18:11:37,906 =======================================================
2020-08-31 18:11:37,906 Shape of the bottleneck layer: (8, 9, 7, 3, 128)
2020-08-31 18:11:37,906 =======================================================
2020-08-31 18:11:37,906 Shape after 1st upsampling block: (8, 18, 14, 6, 64)
2020-08-31 18:11:37,906 Shape after 2nd upsampling block: (8, 36, 28, 12, 32)
2020-08-31 18:11:37,906 Shape after 3rd upsampling block: (8, 72, 56, 24, 16)
2020-08-31 18:11:37,906 Shape after 4rd upsampling block: (8, 144, 112, 48, 8)
2020-08-31 18:11:37,906 =======================================================
2020-08-31 18:11:37,907 Each upsampling block consists of bilinear upsampling, followed by skip connection, followed by 2 conv blocks.
2020-08-31 18:11:37,907 =======================================================
2020-08-31 18:11:37,907 Shape of output (before softmax): (8, 144, 112, 48, 2)
2020-08-31 18:11:37,907 =======================================================
2020-08-31 18:11:38,029 Adding the op to initialize variables...
2020-08-31 18:11:38.032514: I tensorflow/core/platform/cpu_feature_guard.cc:141] Your CPU supports instructions that this TensorFlow binary was not compiled to use: AVX2 FMA
2020-08-31 18:11:38.617365: I tensorflow/core/common_runtime/gpu/gpu_device.cc:1432] Found device 0 with properties: 
name: GeForce GTX 1080 Ti major: 6 minor: 1 memoryClockRate(GHz): 1.582
pciBusID: 0000:04:00.0
totalMemory: 10.92GiB freeMemory: 10.77GiB
2020-08-31 18:11:38.617467: I tensorflow/core/common_runtime/gpu/gpu_device.cc:1511] Adding visible gpu devices: 0
2020-08-31 18:11:44.556568: I tensorflow/core/common_runtime/gpu/gpu_device.cc:982] Device interconnect StreamExecutor with strength 1 edge matrix:
2020-08-31 18:11:44.556621: I tensorflow/core/common_runtime/gpu/gpu_device.cc:988]      0 
2020-08-31 18:11:44.556631: I tensorflow/core/common_runtime/gpu/gpu_device.cc:1001] 0:   N 
2020-08-31 18:11:44.556978: I tensorflow/core/common_runtime/gpu/gpu_device.cc:1115] Created TensorFlow device (/job:localhost/replica:0/task:0/device:GPU:0 with 10419 MB memory) -> physical GPU (device: 0, name: GeForce GTX 1080 Ti, pci bus id: 0000:04:00.0, compute capability: 6.1)
2020-08-31 18:11:45,096 ========================================================
2020-08-31 18:11:45,096 Restoring the trained parameters from /usr/bmicnas01/data-biwi-01/nkarani/projects/hpc_predict/code/aorta_segmentation/v2.0/logdir/unet3d_da_0.0_r1/models/best_dice.ckpt-8000...
INFO:tensorflow:Restoring parameters from /usr/bmicnas01/data-biwi-01/nkarani/projects/hpc_predict/code/aorta_segmentation/v2.0/logdir/unet3d_da_0.0_r1/models/best_dice.ckpt-8000
2020-08-31 18:11:45,098 Restoring parameters from /usr/bmicnas01/data-biwi-01/nkarani/projects/hpc_predict/code/aorta_segmentation/v2.0/logdir/unet3d_da_0.0_r1/models/best_dice.ckpt-8000
Already preprocessed this configuration. Loading now...
/usr/bmicnas01/data-biwi-01/nkarani/projects/hpc_predict/code/aorta_segmentation/v2.0/logdir/unet3d_da_0.0_r1
Traceback (most recent call last):
  File "/usr/bmicnas01/data-biwi-01/nkarani/projects/hpc_predict/code/aorta_segmentation/v2.0/evaluate.py", line 109, in <module>
    results_file = open(log_dir + '/' + 'test_results.txt', "w")
NameError: name 'test_dataset_name' is not defined
Hostname was: biwirender17
Reached end of job file.
