2020-08-31 19:58:37,996 ============================================================
2020-08-31 19:58:37,996 Loading test data from: /usr/bmicnas01/data-biwi-01/nkarani/projects/hpc_predict/data/eth_ibt/New/flow_CStest_Volunteer_R4.h5
2020-08-31 19:58:43,151 Shape of test images: (32, 144, 112, 48, 4)
2020-08-31 19:58:43,152 Shape of test labels: (32, 144, 112, 48)
2020-08-31 19:58:43,152 ============================================================
2020-08-31 19:58:44,087 =======================================================
2020-08-31 19:58:44,087 Details of the segmentation CNN architecture
2020-08-31 19:58:44,087 =======================================================
2020-08-31 19:58:44,087 Shape of input: (8, 144, 112, 48, 4)
2020-08-31 19:58:44,087 Shape after 1st max pooling layer: (8, 72, 56, 24, 8)
2020-08-31 19:58:44,087 Shape after 2nd max pooling layer: (8, 36, 28, 12, 16)
2020-08-31 19:58:44,087 Shape after 3rd max pooling layer: (8, 18, 14, 6, 32)
2020-08-31 19:58:44,087 Shape after 4th max pooling layer: (8, 9, 7, 3, 64)
2020-08-31 19:58:44,087 =======================================================
2020-08-31 19:58:44,087 Before each maxpool, there are 2 conv blocks.
2020-08-31 19:58:44,088 Each conv block consists of conv3d (k=3), followed by BN, followed by relu.
2020-08-31 19:58:44,088 =======================================================
2020-08-31 19:58:44,088 Shape of the bottleneck layer: (8, 9, 7, 3, 128)
2020-08-31 19:58:44,088 =======================================================
2020-08-31 19:58:44,088 Shape after 1st upsampling block: (8, 18, 14, 6, 64)
2020-08-31 19:58:44,088 Shape after 2nd upsampling block: (8, 36, 28, 12, 32)
2020-08-31 19:58:44,088 Shape after 3rd upsampling block: (8, 72, 56, 24, 16)
2020-08-31 19:58:44,088 Shape after 4rd upsampling block: (8, 144, 112, 48, 8)
2020-08-31 19:58:44,088 =======================================================
2020-08-31 19:58:44,088 Each upsampling block consists of bilinear upsampling, followed by skip connection, followed by 2 conv blocks.
2020-08-31 19:58:44,088 =======================================================
2020-08-31 19:58:44,088 Shape of output (before softmax): (8, 144, 112, 48, 2)
2020-08-31 19:58:44,088 =======================================================
2020-08-31 19:58:44,188 Adding the op to initialize variables...
2020-08-31 19:58:44.190454: I tensorflow/core/platform/cpu_feature_guard.cc:141] Your CPU supports instructions that this TensorFlow binary was not compiled to use: AVX2 FMA
2020-08-31 19:58:44.392337: I tensorflow/core/common_runtime/gpu/gpu_device.cc:1432] Found device 0 with properties: 
name: GeForce RTX 2080 Ti major: 7 minor: 5 memoryClockRate(GHz): 1.545
pciBusID: 0000:04:00.0
totalMemory: 10.73GiB freeMemory: 10.57GiB
2020-08-31 19:58:44.392378: I tensorflow/core/common_runtime/gpu/gpu_device.cc:1511] Adding visible gpu devices: 0
2020-08-31 19:58:49.966386: I tensorflow/core/common_runtime/gpu/gpu_device.cc:982] Device interconnect StreamExecutor with strength 1 edge matrix:
2020-08-31 19:58:49.966442: I tensorflow/core/common_runtime/gpu/gpu_device.cc:988]      0 
2020-08-31 19:58:49.966453: I tensorflow/core/common_runtime/gpu/gpu_device.cc:1001] 0:   N 
2020-08-31 19:58:49.966730: I tensorflow/core/common_runtime/gpu/gpu_device.cc:1115] Created TensorFlow device (/job:localhost/replica:0/task:0/device:GPU:0 with 10203 MB memory) -> physical GPU (device: 0, name: GeForce RTX 2080 Ti, pci bus id: 0000:04:00.0, compute capability: 7.5)
2020-08-31 19:58:50,401 ========================================================
2020-08-31 19:58:50,401 Restoring the trained parameters from /usr/bmicnas01/data-biwi-01/nkarani/projects/hpc_predict/code/aorta_segmentation/v2.0/logdir/unet3d_da_0.0_r1/models/best_dice.ckpt-8000...
INFO:tensorflow:Restoring parameters from /usr/bmicnas01/data-biwi-01/nkarani/projects/hpc_predict/code/aorta_segmentation/v2.0/logdir/unet3d_da_0.0_r1/models/best_dice.ckpt-8000
2020-08-31 19:58:50,403 Restoring parameters from /usr/bmicnas01/data-biwi-01/nkarani/projects/hpc_predict/code/aorta_segmentation/v2.0/logdir/unet3d_da_0.0_r1/models/best_dice.ckpt-8000
2020-08-31 19:58:50,594 ========================================================
2020-08-31 19:58:50,595 Predicting segmentation for test subject 1...
/usr/bmicnas01/data-biwi-01/nkarani/softwares/anaconda/installation_dir/envs/tf_v1_12/lib/python3.6/site-packages/sklearn/metrics/classification.py:1145: UndefinedMetricWarning: F-score is ill-defined and being set to 0.0 in labels with no true samples.
  'recall', 'true', average, warn_for)
/usr/bmicnas01/data-biwi-01/nkarani/projects/hpc_predict/code/aorta_segmentation/v2.0/logdir/unet3d_da_0.0_r1
Hostname was: biwirender12
Reached end of job file.
