2020-09-03 15:11:17,780 ============================================================
2020-09-03 15:11:17,781 Loading test data from: /usr/bmicnas01/data-biwi-01/nkarani/projects/hpc_predict/data/eth_ibt/flownet/hannes/recon_R6_volN1_vn.mat
2020-09-03 15:11:20,579 Shape of test images: (32, 144, 112, 48, 4)
2020-09-03 15:11:20,579 Shape of test labels: (32, 144, 112, 48)
2020-09-03 15:11:20,579 ============================================================
2020-09-03 15:11:21,344 =======================================================
2020-09-03 15:11:21,344 Details of the segmentation CNN architecture
2020-09-03 15:11:21,344 =======================================================
2020-09-03 15:11:21,344 Shape of input: (8, 144, 112, 48, 4)
2020-09-03 15:11:21,344 Shape after 1st max pooling layer: (8, 72, 56, 24, 8)
2020-09-03 15:11:21,344 Shape after 2nd max pooling layer: (8, 36, 28, 12, 16)
2020-09-03 15:11:21,344 Shape after 3rd max pooling layer: (8, 18, 14, 6, 32)
2020-09-03 15:11:21,344 Shape after 4th max pooling layer: (8, 9, 7, 3, 64)
2020-09-03 15:11:21,344 =======================================================
2020-09-03 15:11:21,344 Before each maxpool, there are 2 conv blocks.
2020-09-03 15:11:21,344 Each conv block consists of conv3d (k=3), followed by BN, followed by relu.
2020-09-03 15:11:21,344 =======================================================
2020-09-03 15:11:21,344 Shape of the bottleneck layer: (8, 9, 7, 3, 128)
2020-09-03 15:11:21,344 =======================================================
2020-09-03 15:11:21,344 Shape after 1st upsampling block: (8, 18, 14, 6, 64)
2020-09-03 15:11:21,344 Shape after 2nd upsampling block: (8, 36, 28, 12, 32)
2020-09-03 15:11:21,344 Shape after 3rd upsampling block: (8, 72, 56, 24, 16)
2020-09-03 15:11:21,344 Shape after 4rd upsampling block: (8, 144, 112, 48, 8)
2020-09-03 15:11:21,344 =======================================================
2020-09-03 15:11:21,344 Each upsampling block consists of bilinear upsampling, followed by skip connection, followed by 2 conv blocks.
2020-09-03 15:11:21,345 =======================================================
2020-09-03 15:11:21,345 Shape of output (before softmax): (8, 144, 112, 48, 2)
2020-09-03 15:11:21,345 =======================================================
2020-09-03 15:11:21,437 Adding the op to initialize variables...
2020-09-03 15:11:21.542684: I tensorflow/core/common_runtime/gpu/gpu_device.cc:1432] Found device 0 with properties: 
name: Tesla K40c major: 3 minor: 5 memoryClockRate(GHz): 0.745
pciBusID: 0000:85:00.0
totalMemory: 11.17GiB freeMemory: 11.10GiB
2020-09-03 15:11:21.543190: I tensorflow/core/common_runtime/gpu/gpu_device.cc:1511] Adding visible gpu devices: 0
2020-09-03 15:11:21.795278: I tensorflow/core/common_runtime/gpu/gpu_device.cc:982] Device interconnect StreamExecutor with strength 1 edge matrix:
2020-09-03 15:11:21.795329: I tensorflow/core/common_runtime/gpu/gpu_device.cc:988]      0 
2020-09-03 15:11:21.795337: I tensorflow/core/common_runtime/gpu/gpu_device.cc:1001] 0:   N 
2020-09-03 15:11:21.795508: I tensorflow/core/common_runtime/gpu/gpu_device.cc:1115] Created TensorFlow device (/job:localhost/replica:0/task:0/device:GPU:0 with 10754 MB memory) -> physical GPU (device: 0, name: Tesla K40c, pci bus id: 0000:85:00.0, compute capability: 3.5)
2020-09-03 15:11:22,108 ========================================================
2020-09-03 15:11:22,108 Restoring the trained parameters from /usr/bmicnas01/data-biwi-01/nkarani/projects/hpc_predict/code/aorta_segmentation/v2.0/logdir/unet3d_da_0.0_r1/models/best_dice.ckpt-8000...
INFO:tensorflow:Restoring parameters from /usr/bmicnas01/data-biwi-01/nkarani/projects/hpc_predict/code/aorta_segmentation/v2.0/logdir/unet3d_da_0.0_r1/models/best_dice.ckpt-8000
2020-09-03 15:11:22,110 Restoring parameters from /usr/bmicnas01/data-biwi-01/nkarani/projects/hpc_predict/code/aorta_segmentation/v2.0/logdir/unet3d_da_0.0_r1/models/best_dice.ckpt-8000
2020-09-03 15:11:22,143 ========================================================
2020-09-03 15:11:22,143 Predicting segmentation for test subject 1...
/usr/bmicnas01/data-biwi-01/nkarani/softwares/anaconda/installation_dir/envs/tf_v1_12/lib/python3.6/site-packages/sklearn/metrics/classification.py:1145: UndefinedMetricWarning: F-score is ill-defined and being set to 0.0 in labels with no true samples.
  'recall', 'true', average, warn_for)
dict_keys(['__header__', '__version__', '__globals__', 'imrecon', 'masks'])
/usr/bmicnas01/data-biwi-01/nkarani/projects/hpc_predict/code/aorta_segmentation/v2.0/logdir/unet3d_da_0.0_r1
Hostname was: biwirender04
Reached end of job file.
