2020-09-03 18:30:44,563 Logging directory: /usr/bmicnas01/data-biwi-01/nkarani/projects/hpc_predict/code/aorta_segmentation/v2.0/logdir/unet3d_da_0.0nchannels1_r1
2020-09-03 18:30:44,570 ============================================================
2020-09-03 18:30:44,570 EXPERIMENT NAME: unet3d_da_0.0nchannels1_r1
2020-09-03 18:30:44,571 ============================================================
2020-09-03 18:30:44,571 Loading training data from: /usr/bmicnas01/data-biwi-01/nkarani/students/nicolas/data/freiburg
2020-09-03 18:30:44,577 Shape of training images: (640, 144, 112, 48, 4)
2020-09-03 18:30:44,577 Shape of training labels: (640, 144, 112, 48)
2020-09-03 18:30:44,577 ============================================================
2020-09-03 18:30:44,577 Loading validation data from: /usr/bmicnas01/data-biwi-01/nkarani/students/nicolas/data/freiburg
2020-09-03 18:30:44,581 Shape of validation images: (160, 144, 112, 48, 4)
2020-09-03 18:30:44,581 Shape of validation labels: (160, 144, 112, 48)
2020-09-03 18:30:44,581 ============================================================
2020-09-03 18:30:44,581 ============================================================
2020-09-03 18:30:44,581 Only the proton density images (channel 0) will be used for the segmentation...
2020-09-03 18:30:44,581 ============================================================
2020-09-03 18:30:44,592 Creating placeholders...
2020-09-03 18:30:46,076 =======================================================
2020-09-03 18:30:46,076 Details of the segmentation CNN architecture
2020-09-03 18:30:46,076 =======================================================
2020-09-03 18:30:46,076 Shape of input: (8, 144, 112, 48, 1)
2020-09-03 18:30:46,076 Shape after 1st max pooling layer: (8, 72, 56, 24, 8)
2020-09-03 18:30:46,076 Shape after 2nd max pooling layer: (8, 36, 28, 12, 16)
2020-09-03 18:30:46,076 Shape after 3rd max pooling layer: (8, 18, 14, 6, 32)
2020-09-03 18:30:46,076 Shape after 4th max pooling layer: (8, 9, 7, 3, 64)
2020-09-03 18:30:46,076 =======================================================
2020-09-03 18:30:46,076 Before each maxpool, there are 2 conv blocks.
2020-09-03 18:30:46,076 Each conv block consists of conv3d (k=3), followed by BN, followed by relu.
2020-09-03 18:30:46,076 =======================================================
2020-09-03 18:30:46,076 Shape of the bottleneck layer: (8, 9, 7, 3, 128)
2020-09-03 18:30:46,076 =======================================================
2020-09-03 18:30:46,076 Shape after 1st upsampling block: (8, 18, 14, 6, 64)
2020-09-03 18:30:46,077 Shape after 2nd upsampling block: (8, 36, 28, 12, 32)
2020-09-03 18:30:46,077 Shape after 3rd upsampling block: (8, 72, 56, 24, 16)
2020-09-03 18:30:46,077 Shape after 4rd upsampling block: (8, 144, 112, 48, 8)
2020-09-03 18:30:46,077 =======================================================
2020-09-03 18:30:46,077 Each upsampling block consists of bilinear upsampling, followed by skip connection, followed by 2 conv blocks.
2020-09-03 18:30:46,077 =======================================================
2020-09-03 18:30:46,077 Shape of output (before softmax): (8, 144, 112, 48, 2)
2020-09-03 18:30:46,077 =======================================================
2020-09-03 18:30:49,765 Adding the op to get a list of initialized variables...
2020-09-03 18:30:50.371260: I tensorflow/core/platform/cpu_feature_guard.cc:141] Your CPU supports instructions that this TensorFlow binary was not compiled to use: AVX2 FMA
2020-09-03 18:30:50.578868: I tensorflow/core/common_runtime/gpu/gpu_device.cc:1432] Found device 0 with properties: 
name: TITAN Xp major: 6 minor: 1 memoryClockRate(GHz): 1.582
pciBusID: 0000:88:00.0
totalMemory: 11.91GiB freeMemory: 11.76GiB
2020-09-03 18:30:50.578908: I tensorflow/core/common_runtime/gpu/gpu_device.cc:1511] Adding visible gpu devices: 0
2020-09-03 18:30:56.488264: I tensorflow/core/common_runtime/gpu/gpu_device.cc:982] Device interconnect StreamExecutor with strength 1 edge matrix:
2020-09-03 18:30:56.488325: I tensorflow/core/common_runtime/gpu/gpu_device.cc:988]      0 
2020-09-03 18:30:56.488344: I tensorflow/core/common_runtime/gpu/gpu_device.cc:1001] 0:   N 
2020-09-03 18:30:56.488602: I tensorflow/core/common_runtime/gpu/gpu_device.cc:1115] Created TensorFlow device (/job:localhost/replica:0/task:0/device:GPU:0 with 11376 MB memory) -> physical GPU (device: 0, name: TITAN Xp, pci bus id: 0000:88:00.0, compute capability: 6.1)
2020-09-03 18:30:57,809 Freezing the graph now!
2020-09-03 18:30:57,810 ============================================================
2020-09-03 18:30:57,810 initializing all variables...
2020-09-03 18:30:58,523 ============================================================
2020-09-03 18:30:58,523 This is the list of uninitialized variables:
2020-09-03 18:30:58,733 ============================================================
2020-09-03 18:30:58,733 Step 0
2020-09-03 18:31:00.748395: E tensorflow/core/grappler/optimizers/dependency_optimizer.cc:666] Iteration = 0, topological sort failed with message: The graph couldn't be sorted in topological order.
2020-09-03 18:31:00.797102: E tensorflow/core/grappler/optimizers/dependency_optimizer.cc:666] Iteration = 1, topological sort failed with message: The graph couldn't be sorted in topological order.
2020-09-03 18:31:00.989175: E tensorflow/core/grappler/optimizers/dependency_optimizer.cc:666] Iteration = 0, topological sort failed with message: The graph couldn't be sorted in topological order.
2020-09-03 18:31:01.007047: E tensorflow/core/grappler/optimizers/dependency_optimizer.cc:666] Iteration = 1, topological sort failed with message: The graph couldn't be sorted in topological order.
2020-09-03 18:31:08,603 Training Data Eval:
2020-09-03 18:32:56,009   Average loss: 0.6429, average dice: 0.3571
2020-09-03 18:32:57,085 Validation Data Eval:
2020-09-03 18:33:24,816   Average loss: 0.6400, average dice: 0.3600
2020-09-03 18:33:25,809 Found new average best dice on validation sets! - 0.360040 -  Saving model.
2020-09-03 18:33:44,318 Step 20: loss = 0.44
